Terminais sem uso na gramática

   FLOAT
   NUMF
   NEWLINE
   ERROR


Estado 107 conflitos: 1 de deslocamento/redução


Gramática

    0 $accept: program $end

    1 program: %empty
    2        | declaration-list

    3 declaration-list: declaration-list declaration
    4                 | declaration

    5 declaration: var-declaration
    6            | fun-declaration

    7 var-declaration: INT id SEMI
    8                | INT id LBRACK num RBRACK SEMI

    9 fun-declaration: VOID id LPAREN params RPAREN compound-stmt
   10                | INT id LPAREN params RPAREN compound-stmt

   11 params: param-list
   12       | VOID

   13 param-list: param-list COMMA param
   14           | param

   15 param: INT id
   16      | INT id LBRACK RBRACK

   17 compound-stmt: LCAPSULE local-declarations statement-list RCAPSULE

   18 local-declarations: local-declarations var-declaration
   19                   | %empty

   20 statement-list: statement-list statement
   21               | %empty

   22 statement: expression-stmt
   23          | compound-stmt
   24          | selection-stmt
   25          | iteration-stmt
   26          | return-stmt

   27 expression-stmt: expression SEMI
   28                | SEMI

   29 selection-stmt: IF LPAREN comparative-expression RPAREN statement
   30               | IF LPAREN comparative-expression RPAREN statement ELSE statement

   31 iteration-stmt: WHILE LPAREN comparative-expression RPAREN statement

   32 return-stmt: RETURN SEMI
   33            | RETURN expression SEMI

   34 expression: var ASSIGN expression
   35           | simple-expression

   36 var: id
   37    | id LBRACK expression RBRACK

   38 simple-expression: comparative-expression
   39                  | additive-expression

   40 comparative-expression: additive-expression relop additive-expression

   41 relop: LET
   42      | LT
   43      | HT
   44      | HET
   45      | EQ
   46      | NEQ

   47 additive-expression: additive-expression addop term
   48                    | addop term
   49                    | term

   50 addop: PLUS
   51      | MINUS

   52 term: term mulop factor
   53     | factor

   54 mulop: TIMES
   55      | OVER

   56 factor: LPAREN expression RPAREN
   57       | var
   58       | call
   59       | num

   60 call: id LPAREN args RPAREN

   61 args: arg-list
   62     | %empty

   63 arg-list: arg-list COMMA expression
   64         | expression

   65 id: ID

   66 num: NUMI


Terminais, com as regras onde eles aparecem

$end (0) 0
error (256)
INT (300) 7 8 10 15 16
FLOAT (301)
IF (302) 29 30
ELSE (303) 30
RETURN (304) 32 33
VOID (305) 9 12
WHILE (306) 31
PLUS (307) 50
MINUS (308) 51
TIMES (309) 54
OVER (310) 55
LT (311) 42
LET (312) 41
HT (313) 43
HET (314) 44
EQ (315) 45
NEQ (316) 46
ASSIGN (317) 34
SEMI (318) 7 8 27 28 32 33
COMMA (319) 13 63
LPAREN (320) 9 10 29 30 31 56 60
RPAREN (321) 9 10 29 30 31 56 60
LBRACK (322) 8 16 37
RBRACK (323) 8 16 37
LCAPSULE (324) 17
RCAPSULE (325) 17
NUMI (326) 66
NUMF (327)
ID (328) 65
NEWLINE (329)
ERROR (331)


Não terminais com as regras onde eles aparecem

$accept (34)
    à esquerda: 0
program (35)
    à esquerda: 1 2, à direita: 0
declaration-list (36)
    à esquerda: 3 4, à direita: 2 3
declaration (37)
    à esquerda: 5 6, à direita: 3 4
var-declaration (38)
    à esquerda: 7 8, à direita: 5 18
fun-declaration (39)
    à esquerda: 9 10, à direita: 6
params (40)
    à esquerda: 11 12, à direita: 9 10
param-list (41)
    à esquerda: 13 14, à direita: 11 13
param (42)
    à esquerda: 15 16, à direita: 13 14
compound-stmt (43)
    à esquerda: 17, à direita: 9 10 23
local-declarations (44)
    à esquerda: 18 19, à direita: 17 18
statement-list (45)
    à esquerda: 20 21, à direita: 17 20
statement (46)
    à esquerda: 22 23 24 25 26, à direita: 20 29 30 31
expression-stmt (47)
    à esquerda: 27 28, à direita: 22
selection-stmt (48)
    à esquerda: 29 30, à direita: 24
iteration-stmt (49)
    à esquerda: 31, à direita: 25
return-stmt (50)
    à esquerda: 32 33, à direita: 26
expression (51)
    à esquerda: 34 35, à direita: 27 33 34 37 56 63 64
var (52)
    à esquerda: 36 37, à direita: 34 57
simple-expression (53)
    à esquerda: 38 39, à direita: 35
comparative-expression (54)
    à esquerda: 40, à direita: 29 30 31 38
relop (55)
    à esquerda: 41 42 43 44 45 46, à direita: 40
additive-expression (56)
    à esquerda: 47 48 49, à direita: 39 40 47
addop (57)
    à esquerda: 50 51, à direita: 47 48
term (58)
    à esquerda: 52 53, à direita: 47 48 49 52
mulop (59)
    à esquerda: 54 55, à direita: 52
factor (60)
    à esquerda: 56 57 58 59, à direita: 52 53
call (61)
    à esquerda: 60, à direita: 58
args (62)
    à esquerda: 61 62, à direita: 60
arg-list (63)
    à esquerda: 63 64, à direita: 61 63
id (64)
    à esquerda: 65, à direita: 7 8 9 10 15 16 36 37 60
num (65)
    à esquerda: 66, à direita: 8 59


Estado 0

    0 $accept: . program $end

    INT   deslocar, e ir ao estado 1
    VOID  deslocar, e ir ao estado 2

    $padrão  reduzir usando a regra 1 (program)

    program           ir ao estado 3
    declaration-list  ir ao estado 4
    declaration       ir ao estado 5
    var-declaration   ir ao estado 6
    fun-declaration   ir ao estado 7


Estado 1

    7 var-declaration: INT . id SEMI
    8                | INT . id LBRACK num RBRACK SEMI
   10 fun-declaration: INT . id LPAREN params RPAREN compound-stmt

    ID  deslocar, e ir ao estado 8

    id  ir ao estado 9


Estado 2

    9 fun-declaration: VOID . id LPAREN params RPAREN compound-stmt

    ID  deslocar, e ir ao estado 8

    id  ir ao estado 10


Estado 3

    0 $accept: program . $end

    $end  deslocar, e ir ao estado 11


Estado 4

    2 program: declaration-list .
    3 declaration-list: declaration-list . declaration

    INT   deslocar, e ir ao estado 1
    VOID  deslocar, e ir ao estado 2

    $padrão  reduzir usando a regra 2 (program)

    declaration      ir ao estado 12
    var-declaration  ir ao estado 6
    fun-declaration  ir ao estado 7


Estado 5

    4 declaration-list: declaration .

    $padrão  reduzir usando a regra 4 (declaration-list)


Estado 6

    5 declaration: var-declaration .

    $padrão  reduzir usando a regra 5 (declaration)


Estado 7

    6 declaration: fun-declaration .

    $padrão  reduzir usando a regra 6 (declaration)


Estado 8

   65 id: ID .

    $padrão  reduzir usando a regra 65 (id)


Estado 9

    7 var-declaration: INT id . SEMI
    8                | INT id . LBRACK num RBRACK SEMI
   10 fun-declaration: INT id . LPAREN params RPAREN compound-stmt

    SEMI    deslocar, e ir ao estado 13
    LPAREN  deslocar, e ir ao estado 14
    LBRACK  deslocar, e ir ao estado 15


Estado 10

    9 fun-declaration: VOID id . LPAREN params RPAREN compound-stmt

    LPAREN  deslocar, e ir ao estado 16


Estado 11

    0 $accept: program $end .

    $padrão  aceitar


Estado 12

    3 declaration-list: declaration-list declaration .

    $padrão  reduzir usando a regra 3 (declaration-list)


Estado 13

    7 var-declaration: INT id SEMI .

    $padrão  reduzir usando a regra 7 (var-declaration)


Estado 14

   10 fun-declaration: INT id LPAREN . params RPAREN compound-stmt

    INT   deslocar, e ir ao estado 17
    VOID  deslocar, e ir ao estado 18

    params      ir ao estado 19
    param-list  ir ao estado 20
    param       ir ao estado 21


Estado 15

    8 var-declaration: INT id LBRACK . num RBRACK SEMI

    NUMI  deslocar, e ir ao estado 22

    num  ir ao estado 23


Estado 16

    9 fun-declaration: VOID id LPAREN . params RPAREN compound-stmt

    INT   deslocar, e ir ao estado 17
    VOID  deslocar, e ir ao estado 18

    params      ir ao estado 24
    param-list  ir ao estado 20
    param       ir ao estado 21


Estado 17

   15 param: INT . id
   16      | INT . id LBRACK RBRACK

    ID  deslocar, e ir ao estado 8

    id  ir ao estado 25


Estado 18

   12 params: VOID .

    $padrão  reduzir usando a regra 12 (params)


Estado 19

   10 fun-declaration: INT id LPAREN params . RPAREN compound-stmt

    RPAREN  deslocar, e ir ao estado 26


Estado 20

   11 params: param-list .
   13 param-list: param-list . COMMA param

    COMMA  deslocar, e ir ao estado 27

    $padrão  reduzir usando a regra 11 (params)


Estado 21

   14 param-list: param .

    $padrão  reduzir usando a regra 14 (param-list)


Estado 22

   66 num: NUMI .

    $padrão  reduzir usando a regra 66 (num)


Estado 23

    8 var-declaration: INT id LBRACK num . RBRACK SEMI

    RBRACK  deslocar, e ir ao estado 28


Estado 24

    9 fun-declaration: VOID id LPAREN params . RPAREN compound-stmt

    RPAREN  deslocar, e ir ao estado 29


Estado 25

   15 param: INT id .
   16      | INT id . LBRACK RBRACK

    LBRACK  deslocar, e ir ao estado 30

    $padrão  reduzir usando a regra 15 (param)


Estado 26

   10 fun-declaration: INT id LPAREN params RPAREN . compound-stmt

    LCAPSULE  deslocar, e ir ao estado 31

    compound-stmt  ir ao estado 32


Estado 27

   13 param-list: param-list COMMA . param

    INT  deslocar, e ir ao estado 17

    param  ir ao estado 33


Estado 28

    8 var-declaration: INT id LBRACK num RBRACK . SEMI

    SEMI  deslocar, e ir ao estado 34


Estado 29

    9 fun-declaration: VOID id LPAREN params RPAREN . compound-stmt

    LCAPSULE  deslocar, e ir ao estado 31

    compound-stmt  ir ao estado 35


Estado 30

   16 param: INT id LBRACK . RBRACK

    RBRACK  deslocar, e ir ao estado 36


Estado 31

   17 compound-stmt: LCAPSULE . local-declarations statement-list RCAPSULE

    $padrão  reduzir usando a regra 19 (local-declarations)

    local-declarations  ir ao estado 37


Estado 32

   10 fun-declaration: INT id LPAREN params RPAREN compound-stmt .

    $padrão  reduzir usando a regra 10 (fun-declaration)


Estado 33

   13 param-list: param-list COMMA param .

    $padrão  reduzir usando a regra 13 (param-list)


Estado 34

    8 var-declaration: INT id LBRACK num RBRACK SEMI .

    $padrão  reduzir usando a regra 8 (var-declaration)


Estado 35

    9 fun-declaration: VOID id LPAREN params RPAREN compound-stmt .

    $padrão  reduzir usando a regra 9 (fun-declaration)


Estado 36

   16 param: INT id LBRACK RBRACK .

    $padrão  reduzir usando a regra 16 (param)


Estado 37

   17 compound-stmt: LCAPSULE local-declarations . statement-list RCAPSULE
   18 local-declarations: local-declarations . var-declaration

    INT  deslocar, e ir ao estado 38

    $padrão  reduzir usando a regra 21 (statement-list)

    var-declaration  ir ao estado 39
    statement-list   ir ao estado 40


Estado 38

    7 var-declaration: INT . id SEMI
    8                | INT . id LBRACK num RBRACK SEMI

    ID  deslocar, e ir ao estado 8

    id  ir ao estado 41


Estado 39

   18 local-declarations: local-declarations var-declaration .

    $padrão  reduzir usando a regra 18 (local-declarations)


Estado 40

   17 compound-stmt: LCAPSULE local-declarations statement-list . RCAPSULE
   20 statement-list: statement-list . statement

    IF        deslocar, e ir ao estado 42
    RETURN    deslocar, e ir ao estado 43
    WHILE     deslocar, e ir ao estado 44
    PLUS      deslocar, e ir ao estado 45
    MINUS     deslocar, e ir ao estado 46
    SEMI      deslocar, e ir ao estado 47
    LPAREN    deslocar, e ir ao estado 48
    LCAPSULE  deslocar, e ir ao estado 31
    RCAPSULE  deslocar, e ir ao estado 49
    NUMI      deslocar, e ir ao estado 22
    ID        deslocar, e ir ao estado 8

    compound-stmt           ir ao estado 50
    statement               ir ao estado 51
    expression-stmt         ir ao estado 52
    selection-stmt          ir ao estado 53
    iteration-stmt          ir ao estado 54
    return-stmt             ir ao estado 55
    expression              ir ao estado 56
    var                     ir ao estado 57
    simple-expression       ir ao estado 58
    comparative-expression  ir ao estado 59
    additive-expression     ir ao estado 60
    addop                   ir ao estado 61
    term                    ir ao estado 62
    factor                  ir ao estado 63
    call                    ir ao estado 64
    id                      ir ao estado 65
    num                     ir ao estado 66


Estado 41

    7 var-declaration: INT id . SEMI
    8                | INT id . LBRACK num RBRACK SEMI

    SEMI    deslocar, e ir ao estado 13
    LBRACK  deslocar, e ir ao estado 15


Estado 42

   29 selection-stmt: IF . LPAREN comparative-expression RPAREN statement
   30               | IF . LPAREN comparative-expression RPAREN statement ELSE statement

    LPAREN  deslocar, e ir ao estado 67


Estado 43

   32 return-stmt: RETURN . SEMI
   33            | RETURN . expression SEMI

    PLUS    deslocar, e ir ao estado 45
    MINUS   deslocar, e ir ao estado 46
    SEMI    deslocar, e ir ao estado 68
    LPAREN  deslocar, e ir ao estado 48
    NUMI    deslocar, e ir ao estado 22
    ID      deslocar, e ir ao estado 8

    expression              ir ao estado 69
    var                     ir ao estado 57
    simple-expression       ir ao estado 58
    comparative-expression  ir ao estado 59
    additive-expression     ir ao estado 60
    addop                   ir ao estado 61
    term                    ir ao estado 62
    factor                  ir ao estado 63
    call                    ir ao estado 64
    id                      ir ao estado 65
    num                     ir ao estado 66


Estado 44

   31 iteration-stmt: WHILE . LPAREN comparative-expression RPAREN statement

    LPAREN  deslocar, e ir ao estado 70


Estado 45

   50 addop: PLUS .

    $padrão  reduzir usando a regra 50 (addop)


Estado 46

   51 addop: MINUS .

    $padrão  reduzir usando a regra 51 (addop)


Estado 47

   28 expression-stmt: SEMI .

    $padrão  reduzir usando a regra 28 (expression-stmt)


Estado 48

   56 factor: LPAREN . expression RPAREN

    PLUS    deslocar, e ir ao estado 45
    MINUS   deslocar, e ir ao estado 46
    LPAREN  deslocar, e ir ao estado 48
    NUMI    deslocar, e ir ao estado 22
    ID      deslocar, e ir ao estado 8

    expression              ir ao estado 71
    var                     ir ao estado 57
    simple-expression       ir ao estado 58
    comparative-expression  ir ao estado 59
    additive-expression     ir ao estado 60
    addop                   ir ao estado 61
    term                    ir ao estado 62
    factor                  ir ao estado 63
    call                    ir ao estado 64
    id                      ir ao estado 65
    num                     ir ao estado 66


Estado 49

   17 compound-stmt: LCAPSULE local-declarations statement-list RCAPSULE .

    $padrão  reduzir usando a regra 17 (compound-stmt)


Estado 50

   23 statement: compound-stmt .

    $padrão  reduzir usando a regra 23 (statement)


Estado 51

   20 statement-list: statement-list statement .

    $padrão  reduzir usando a regra 20 (statement-list)


Estado 52

   22 statement: expression-stmt .

    $padrão  reduzir usando a regra 22 (statement)


Estado 53

   24 statement: selection-stmt .

    $padrão  reduzir usando a regra 24 (statement)


Estado 54

   25 statement: iteration-stmt .

    $padrão  reduzir usando a regra 25 (statement)


Estado 55

   26 statement: return-stmt .

    $padrão  reduzir usando a regra 26 (statement)


Estado 56

   27 expression-stmt: expression . SEMI

    SEMI  deslocar, e ir ao estado 72


Estado 57

   34 expression: var . ASSIGN expression
   57 factor: var .

    ASSIGN  deslocar, e ir ao estado 73

    $padrão  reduzir usando a regra 57 (factor)


Estado 58

   35 expression: simple-expression .

    $padrão  reduzir usando a regra 35 (expression)


Estado 59

   38 simple-expression: comparative-expression .

    $padrão  reduzir usando a regra 38 (simple-expression)


Estado 60

   39 simple-expression: additive-expression .
   40 comparative-expression: additive-expression . relop additive-expression
   47 additive-expression: additive-expression . addop term

    PLUS   deslocar, e ir ao estado 45
    MINUS  deslocar, e ir ao estado 46
    LT     deslocar, e ir ao estado 74
    LET    deslocar, e ir ao estado 75
    HT     deslocar, e ir ao estado 76
    HET    deslocar, e ir ao estado 77
    EQ     deslocar, e ir ao estado 78
    NEQ    deslocar, e ir ao estado 79

    $padrão  reduzir usando a regra 39 (simple-expression)

    relop  ir ao estado 80
    addop  ir ao estado 81


Estado 61

   48 additive-expression: addop . term

    LPAREN  deslocar, e ir ao estado 48
    NUMI    deslocar, e ir ao estado 22
    ID      deslocar, e ir ao estado 8

    var     ir ao estado 82
    term    ir ao estado 83
    factor  ir ao estado 63
    call    ir ao estado 64
    id      ir ao estado 65
    num     ir ao estado 66


Estado 62

   49 additive-expression: term .
   52 term: term . mulop factor

    TIMES  deslocar, e ir ao estado 84
    OVER   deslocar, e ir ao estado 85

    $padrão  reduzir usando a regra 49 (additive-expression)

    mulop  ir ao estado 86


Estado 63

   53 term: factor .

    $padrão  reduzir usando a regra 53 (term)


Estado 64

   58 factor: call .

    $padrão  reduzir usando a regra 58 (factor)


Estado 65

   36 var: id .
   37    | id . LBRACK expression RBRACK
   60 call: id . LPAREN args RPAREN

    LPAREN  deslocar, e ir ao estado 87
    LBRACK  deslocar, e ir ao estado 88

    $padrão  reduzir usando a regra 36 (var)


Estado 66

   59 factor: num .

    $padrão  reduzir usando a regra 59 (factor)


Estado 67

   29 selection-stmt: IF LPAREN . comparative-expression RPAREN statement
   30               | IF LPAREN . comparative-expression RPAREN statement ELSE statement

    PLUS    deslocar, e ir ao estado 45
    MINUS   deslocar, e ir ao estado 46
    LPAREN  deslocar, e ir ao estado 48
    NUMI    deslocar, e ir ao estado 22
    ID      deslocar, e ir ao estado 8

    var                     ir ao estado 82
    comparative-expression  ir ao estado 89
    additive-expression     ir ao estado 90
    addop                   ir ao estado 61
    term                    ir ao estado 62
    factor                  ir ao estado 63
    call                    ir ao estado 64
    id                      ir ao estado 65
    num                     ir ao estado 66


Estado 68

   32 return-stmt: RETURN SEMI .

    $padrão  reduzir usando a regra 32 (return-stmt)


Estado 69

   33 return-stmt: RETURN expression . SEMI

    SEMI  deslocar, e ir ao estado 91


Estado 70

   31 iteration-stmt: WHILE LPAREN . comparative-expression RPAREN statement

    PLUS    deslocar, e ir ao estado 45
    MINUS   deslocar, e ir ao estado 46
    LPAREN  deslocar, e ir ao estado 48
    NUMI    deslocar, e ir ao estado 22
    ID      deslocar, e ir ao estado 8

    var                     ir ao estado 82
    comparative-expression  ir ao estado 92
    additive-expression     ir ao estado 90
    addop                   ir ao estado 61
    term                    ir ao estado 62
    factor                  ir ao estado 63
    call                    ir ao estado 64
    id                      ir ao estado 65
    num                     ir ao estado 66


Estado 71

   56 factor: LPAREN expression . RPAREN

    RPAREN  deslocar, e ir ao estado 93


Estado 72

   27 expression-stmt: expression SEMI .

    $padrão  reduzir usando a regra 27 (expression-stmt)


Estado 73

   34 expression: var ASSIGN . expression

    PLUS    deslocar, e ir ao estado 45
    MINUS   deslocar, e ir ao estado 46
    LPAREN  deslocar, e ir ao estado 48
    NUMI    deslocar, e ir ao estado 22
    ID      deslocar, e ir ao estado 8

    expression              ir ao estado 94
    var                     ir ao estado 57
    simple-expression       ir ao estado 58
    comparative-expression  ir ao estado 59
    additive-expression     ir ao estado 60
    addop                   ir ao estado 61
    term                    ir ao estado 62
    factor                  ir ao estado 63
    call                    ir ao estado 64
    id                      ir ao estado 65
    num                     ir ao estado 66


Estado 74

   42 relop: LT .

    $padrão  reduzir usando a regra 42 (relop)


Estado 75

   41 relop: LET .

    $padrão  reduzir usando a regra 41 (relop)


Estado 76

   43 relop: HT .

    $padrão  reduzir usando a regra 43 (relop)


Estado 77

   44 relop: HET .

    $padrão  reduzir usando a regra 44 (relop)


Estado 78

   45 relop: EQ .

    $padrão  reduzir usando a regra 45 (relop)


Estado 79

   46 relop: NEQ .

    $padrão  reduzir usando a regra 46 (relop)


Estado 80

   40 comparative-expression: additive-expression relop . additive-expression

    PLUS    deslocar, e ir ao estado 45
    MINUS   deslocar, e ir ao estado 46
    LPAREN  deslocar, e ir ao estado 48
    NUMI    deslocar, e ir ao estado 22
    ID      deslocar, e ir ao estado 8

    var                  ir ao estado 82
    additive-expression  ir ao estado 95
    addop                ir ao estado 61
    term                 ir ao estado 62
    factor               ir ao estado 63
    call                 ir ao estado 64
    id                   ir ao estado 65
    num                  ir ao estado 66


Estado 81

   47 additive-expression: additive-expression addop . term

    LPAREN  deslocar, e ir ao estado 48
    NUMI    deslocar, e ir ao estado 22
    ID      deslocar, e ir ao estado 8

    var     ir ao estado 82
    term    ir ao estado 96
    factor  ir ao estado 63
    call    ir ao estado 64
    id      ir ao estado 65
    num     ir ao estado 66


Estado 82

   57 factor: var .

    $padrão  reduzir usando a regra 57 (factor)


Estado 83

   48 additive-expression: addop term .
   52 term: term . mulop factor

    TIMES  deslocar, e ir ao estado 84
    OVER   deslocar, e ir ao estado 85

    $padrão  reduzir usando a regra 48 (additive-expression)

    mulop  ir ao estado 86


Estado 84

   54 mulop: TIMES .

    $padrão  reduzir usando a regra 54 (mulop)


Estado 85

   55 mulop: OVER .

    $padrão  reduzir usando a regra 55 (mulop)


Estado 86

   52 term: term mulop . factor

    LPAREN  deslocar, e ir ao estado 48
    NUMI    deslocar, e ir ao estado 22
    ID      deslocar, e ir ao estado 8

    var     ir ao estado 82
    factor  ir ao estado 97
    call    ir ao estado 64
    id      ir ao estado 65
    num     ir ao estado 66


Estado 87

   60 call: id LPAREN . args RPAREN

    PLUS    deslocar, e ir ao estado 45
    MINUS   deslocar, e ir ao estado 46
    LPAREN  deslocar, e ir ao estado 48
    NUMI    deslocar, e ir ao estado 22
    ID      deslocar, e ir ao estado 8

    $padrão  reduzir usando a regra 62 (args)

    expression              ir ao estado 98
    var                     ir ao estado 57
    simple-expression       ir ao estado 58
    comparative-expression  ir ao estado 59
    additive-expression     ir ao estado 60
    addop                   ir ao estado 61
    term                    ir ao estado 62
    factor                  ir ao estado 63
    call                    ir ao estado 64
    args                    ir ao estado 99
    arg-list                ir ao estado 100
    id                      ir ao estado 65
    num                     ir ao estado 66


Estado 88

   37 var: id LBRACK . expression RBRACK

    PLUS    deslocar, e ir ao estado 45
    MINUS   deslocar, e ir ao estado 46
    LPAREN  deslocar, e ir ao estado 48
    NUMI    deslocar, e ir ao estado 22
    ID      deslocar, e ir ao estado 8

    expression              ir ao estado 101
    var                     ir ao estado 57
    simple-expression       ir ao estado 58
    comparative-expression  ir ao estado 59
    additive-expression     ir ao estado 60
    addop                   ir ao estado 61
    term                    ir ao estado 62
    factor                  ir ao estado 63
    call                    ir ao estado 64
    id                      ir ao estado 65
    num                     ir ao estado 66


Estado 89

   29 selection-stmt: IF LPAREN comparative-expression . RPAREN statement
   30               | IF LPAREN comparative-expression . RPAREN statement ELSE statement

    RPAREN  deslocar, e ir ao estado 102


Estado 90

   40 comparative-expression: additive-expression . relop additive-expression
   47 additive-expression: additive-expression . addop term

    PLUS   deslocar, e ir ao estado 45
    MINUS  deslocar, e ir ao estado 46
    LT     deslocar, e ir ao estado 74
    LET    deslocar, e ir ao estado 75
    HT     deslocar, e ir ao estado 76
    HET    deslocar, e ir ao estado 77
    EQ     deslocar, e ir ao estado 78
    NEQ    deslocar, e ir ao estado 79

    relop  ir ao estado 80
    addop  ir ao estado 81


Estado 91

   33 return-stmt: RETURN expression SEMI .

    $padrão  reduzir usando a regra 33 (return-stmt)


Estado 92

   31 iteration-stmt: WHILE LPAREN comparative-expression . RPAREN statement

    RPAREN  deslocar, e ir ao estado 103


Estado 93

   56 factor: LPAREN expression RPAREN .

    $padrão  reduzir usando a regra 56 (factor)


Estado 94

   34 expression: var ASSIGN expression .

    $padrão  reduzir usando a regra 34 (expression)


Estado 95

   40 comparative-expression: additive-expression relop additive-expression .
   47 additive-expression: additive-expression . addop term

    PLUS   deslocar, e ir ao estado 45
    MINUS  deslocar, e ir ao estado 46

    $padrão  reduzir usando a regra 40 (comparative-expression)

    addop  ir ao estado 81


Estado 96

   47 additive-expression: additive-expression addop term .
   52 term: term . mulop factor

    TIMES  deslocar, e ir ao estado 84
    OVER   deslocar, e ir ao estado 85

    $padrão  reduzir usando a regra 47 (additive-expression)

    mulop  ir ao estado 86


Estado 97

   52 term: term mulop factor .

    $padrão  reduzir usando a regra 52 (term)


Estado 98

   64 arg-list: expression .

    $padrão  reduzir usando a regra 64 (arg-list)


Estado 99

   60 call: id LPAREN args . RPAREN

    RPAREN  deslocar, e ir ao estado 104


Estado 100

   61 args: arg-list .
   63 arg-list: arg-list . COMMA expression

    COMMA  deslocar, e ir ao estado 105

    $padrão  reduzir usando a regra 61 (args)


Estado 101

   37 var: id LBRACK expression . RBRACK

    RBRACK  deslocar, e ir ao estado 106


Estado 102

   29 selection-stmt: IF LPAREN comparative-expression RPAREN . statement
   30               | IF LPAREN comparative-expression RPAREN . statement ELSE statement

    IF        deslocar, e ir ao estado 42
    RETURN    deslocar, e ir ao estado 43
    WHILE     deslocar, e ir ao estado 44
    PLUS      deslocar, e ir ao estado 45
    MINUS     deslocar, e ir ao estado 46
    SEMI      deslocar, e ir ao estado 47
    LPAREN    deslocar, e ir ao estado 48
    LCAPSULE  deslocar, e ir ao estado 31
    NUMI      deslocar, e ir ao estado 22
    ID        deslocar, e ir ao estado 8

    compound-stmt           ir ao estado 50
    statement               ir ao estado 107
    expression-stmt         ir ao estado 52
    selection-stmt          ir ao estado 53
    iteration-stmt          ir ao estado 54
    return-stmt             ir ao estado 55
    expression              ir ao estado 56
    var                     ir ao estado 57
    simple-expression       ir ao estado 58
    comparative-expression  ir ao estado 59
    additive-expression     ir ao estado 60
    addop                   ir ao estado 61
    term                    ir ao estado 62
    factor                  ir ao estado 63
    call                    ir ao estado 64
    id                      ir ao estado 65
    num                     ir ao estado 66


Estado 103

   31 iteration-stmt: WHILE LPAREN comparative-expression RPAREN . statement

    IF        deslocar, e ir ao estado 42
    RETURN    deslocar, e ir ao estado 43
    WHILE     deslocar, e ir ao estado 44
    PLUS      deslocar, e ir ao estado 45
    MINUS     deslocar, e ir ao estado 46
    SEMI      deslocar, e ir ao estado 47
    LPAREN    deslocar, e ir ao estado 48
    LCAPSULE  deslocar, e ir ao estado 31
    NUMI      deslocar, e ir ao estado 22
    ID        deslocar, e ir ao estado 8

    compound-stmt           ir ao estado 50
    statement               ir ao estado 108
    expression-stmt         ir ao estado 52
    selection-stmt          ir ao estado 53
    iteration-stmt          ir ao estado 54
    return-stmt             ir ao estado 55
    expression              ir ao estado 56
    var                     ir ao estado 57
    simple-expression       ir ao estado 58
    comparative-expression  ir ao estado 59
    additive-expression     ir ao estado 60
    addop                   ir ao estado 61
    term                    ir ao estado 62
    factor                  ir ao estado 63
    call                    ir ao estado 64
    id                      ir ao estado 65
    num                     ir ao estado 66


Estado 104

   60 call: id LPAREN args RPAREN .

    $padrão  reduzir usando a regra 60 (call)


Estado 105

   63 arg-list: arg-list COMMA . expression

    PLUS    deslocar, e ir ao estado 45
    MINUS   deslocar, e ir ao estado 46
    LPAREN  deslocar, e ir ao estado 48
    NUMI    deslocar, e ir ao estado 22
    ID      deslocar, e ir ao estado 8

    expression              ir ao estado 109
    var                     ir ao estado 57
    simple-expression       ir ao estado 58
    comparative-expression  ir ao estado 59
    additive-expression     ir ao estado 60
    addop                   ir ao estado 61
    term                    ir ao estado 62
    factor                  ir ao estado 63
    call                    ir ao estado 64
    id                      ir ao estado 65
    num                     ir ao estado 66


Estado 106

   37 var: id LBRACK expression RBRACK .

    $padrão  reduzir usando a regra 37 (var)


Estado 107

   29 selection-stmt: IF LPAREN comparative-expression RPAREN statement .
   30               | IF LPAREN comparative-expression RPAREN statement . ELSE statement

    ELSE  deslocar, e ir ao estado 110

    ELSE      [reduzir usando a regra 29 (selection-stmt)]
    $padrão  reduzir usando a regra 29 (selection-stmt)


Estado 108

   31 iteration-stmt: WHILE LPAREN comparative-expression RPAREN statement .

    $padrão  reduzir usando a regra 31 (iteration-stmt)


Estado 109

   63 arg-list: arg-list COMMA expression .

    $padrão  reduzir usando a regra 63 (arg-list)


Estado 110

   30 selection-stmt: IF LPAREN comparative-expression RPAREN statement ELSE . statement

    IF        deslocar, e ir ao estado 42
    RETURN    deslocar, e ir ao estado 43
    WHILE     deslocar, e ir ao estado 44
    PLUS      deslocar, e ir ao estado 45
    MINUS     deslocar, e ir ao estado 46
    SEMI      deslocar, e ir ao estado 47
    LPAREN    deslocar, e ir ao estado 48
    LCAPSULE  deslocar, e ir ao estado 31
    NUMI      deslocar, e ir ao estado 22
    ID        deslocar, e ir ao estado 8

    compound-stmt           ir ao estado 50
    statement               ir ao estado 111
    expression-stmt         ir ao estado 52
    selection-stmt          ir ao estado 53
    iteration-stmt          ir ao estado 54
    return-stmt             ir ao estado 55
    expression              ir ao estado 56
    var                     ir ao estado 57
    simple-expression       ir ao estado 58
    comparative-expression  ir ao estado 59
    additive-expression     ir ao estado 60
    addop                   ir ao estado 61
    term                    ir ao estado 62
    factor                  ir ao estado 63
    call                    ir ao estado 64
    id                      ir ao estado 65
    num                     ir ao estado 66


Estado 111

   30 selection-stmt: IF LPAREN comparative-expression RPAREN statement ELSE statement .

    $padrão  reduzir usando a regra 30 (selection-stmt)
